  qwer.cpp
D:\учеба\лабы\КСиС\qwer\qwer\qwer.cpp(13,1): warning C4005: IP_DEST_NET_UNREACHABLE: изменение макроопределения
C:\Program Files (x86)\Windows Kits\10\Include\10.0.22000.0\um\ipexport.h(173,1): message : см. предыдущее определение "IP_DEST_NET_UNREACHABLE"
D:\учеба\лабы\КСиС\qwer\qwer\qwer.cpp(14,1): warning C4005: IP_DEST_HOST_UNREACHABLE: изменение макроопределения
C:\Program Files (x86)\Windows Kits\10\Include\10.0.22000.0\um\ipexport.h(174,1): message : см. предыдущее определение "IP_DEST_HOST_UNREACHABLE"
D:\учеба\лабы\КСиС\qwer\qwer\qwer.cpp(15,1): warning C4005: IP_DEST_PROT_UNREACHABLE: изменение макроопределения
C:\Program Files (x86)\Windows Kits\10\Include\10.0.22000.0\um\ipexport.h(175,1): message : см. предыдущее определение "IP_DEST_PROT_UNREACHABLE"
D:\учеба\лабы\КСиС\qwer\qwer\qwer.cpp(16,1): warning C4005: IP_DEST_PORT_UNREACHABLE: изменение макроопределения
C:\Program Files (x86)\Windows Kits\10\Include\10.0.22000.0\um\ipexport.h(176,1): message : см. предыдущее определение "IP_DEST_PORT_UNREACHABLE"
D:\учеба\лабы\КСиС\qwer\qwer\qwer.cpp(17,1): warning C4005: IP_REQ_TIMED_OUT: изменение макроопределения
C:\Program Files (x86)\Windows Kits\10\Include\10.0.22000.0\um\ipexport.h(181,1): message : см. предыдущее определение "IP_REQ_TIMED_OUT"
D:\учеба\лабы\КСиС\qwer\qwer\qwer.cpp(18,1): warning C4005: IP_BAD_REQ: изменение макроопределения
C:\Program Files (x86)\Windows Kits\10\Include\10.0.22000.0\um\ipexport.h(182,1): message : см. предыдущее определение "IP_BAD_REQ"
D:\учеба\лабы\КСиС\qwer\qwer\qwer.cpp(19,1): warning C4005: IP_BAD_ROUTE: изменение макроопределения
C:\Program Files (x86)\Windows Kits\10\Include\10.0.22000.0\um\ipexport.h(183,1): message : см. предыдущее определение "IP_BAD_ROUTE"
D:\учеба\лабы\КСиС\qwer\qwer\qwer.cpp(20,1): warning C4005: IP_TTL_EXPIRED_TRANSIT: изменение макроопределения
C:\Program Files (x86)\Windows Kits\10\Include\10.0.22000.0\um\ipexport.h(184,1): message : см. предыдущее определение "IP_TTL_EXPIRED_TRANSIT"
D:\учеба\лабы\КСиС\qwer\qwer\qwer.cpp(87,9): warning C4566: символ, представленный универсальным именем символа "\uFFFD", невозможно представить в текущей кодовой странице (1251)
D:\учеба\лабы\КСиС\qwer\qwer\qwer.cpp(91,9): warning C4566: символ, представленный универсальным именем символа "\uFFFD", невозможно представить в текущей кодовой странице (1251)
D:\учеба\лабы\КСиС\qwer\qwer\qwer.cpp(92,9): warning C4566: символ, представленный универсальным именем символа "\uFFFD", невозможно представить в текущей кодовой странице (1251)
D:\учеба\лабы\КСиС\qwer\qwer\qwer.cpp(93,9): warning C4566: символ, представленный универсальным именем символа "\uFFFD", невозможно представить в текущей кодовой странице (1251)
D:\учеба\лабы\КСиС\qwer\qwer\qwer.cpp(145,10): warning C4566: символ, представленный универсальным именем символа "\uFFFD", невозможно представить в текущей кодовой странице (1251)
D:\учеба\лабы\КСиС\qwer\qwer\qwer.cpp(151,10): warning C4566: символ, представленный универсальным именем символа "\uFFFD", невозможно представить в текущей кодовой странице (1251)
D:\учеба\лабы\КСиС\qwer\qwer\qwer.cpp(152,6): warning C4566: символ, представленный универсальным именем символа "\uFFFD", невозможно представить в текущей кодовой странице (1251)
D:\учеба\лабы\КСиС\qwer\qwer\qwer.cpp(154,6): warning C4566: символ, представленный универсальным именем символа "\uFFFD", невозможно представить в текущей кодовой странице (1251)
D:\учеба\лабы\КСиС\qwer\qwer\qwer.cpp(157,6): warning C4566: символ, представленный универсальным именем символа "\uFFFD", невозможно представить в текущей кодовой странице (1251)
D:\учеба\лабы\КСиС\qwer\qwer\qwer.cpp(159,10): warning C4566: символ, представленный универсальным именем символа "\uFFFD", невозможно представить в текущей кодовой странице (1251)
D:\учеба\лабы\КСиС\qwer\qwer\qwer.cpp(160,14): warning C4566: символ, представленный универсальным именем символа "\uFFFD", невозможно представить в текущей кодовой странице (1251)
D:\учеба\лабы\КСиС\qwer\qwer\qwer.cpp(161,6): warning C4566: символ, представленный универсальным именем символа "\uFFFD", невозможно представить в текущей кодовой странице (1251)
D:\учеба\лабы\КСиС\qwer\qwer\qwer.cpp(162,6): warning C4566: символ, представленный универсальным именем символа "\uFFFD", невозможно представить в текущей кодовой странице (1251)
D:\учеба\лабы\КСиС\qwer\qwer\qwer.cpp(163,6): warning C4566: символ, представленный универсальным именем символа "\uFFFD", невозможно представить в текущей кодовой странице (1251)
D:\учеба\лабы\КСиС\qwer\qwer\qwer.cpp(179,11): warning C4566: символ, представленный универсальным именем символа "\uFFFD", невозможно представить в текущей кодовой странице (1251)
  qwer.vcxproj -> D:\учеба\лабы\КСиС\qwer\x64\Debug\qwer.exe
